[2018-12-06 18:16:37.646] [INFO] crash-log - [32m62: [/root/game-server/node_modules/pomelo/lib/master/master.js] [39m[chat],[chat-server-1],[1544091397646],[disconnect]
[2018-12-06 18:16:37.841] [INFO] crash-log - [32m62: [/root/game-server/node_modules/pomelo/lib/master/master.js] [39m[wuhan],[wuhan-server-2],[1544091397841],[disconnect]
[2018-12-06 18:16:37.843] [INFO] crash-log - [32m62: [/root/game-server/node_modules/pomelo/lib/master/master.js] [39m[http],[http-server-1],[1544091397843],[disconnect]
[2018-12-06 18:16:37.844] [INFO] crash-log - [32m62: [/root/game-server/node_modules/pomelo/lib/master/master.js] [39m[connector],[connector-server-2],[1544091397844],[disconnect]
[2018-12-06 18:16:37.845] [INFO] crash-log - [32m62: [/root/game-server/node_modules/pomelo/lib/master/master.js] [39m[connector],[connector-server-1],[1544091397845],[disconnect]
[2018-12-06 18:16:37.847] [INFO] crash-log - [32m62: [/root/game-server/node_modules/pomelo/lib/master/master.js] [39m[auth],[auth-server-1],[1544091397846],[disconnect]
[2018-12-06 18:16:37.851] [INFO] crash-log - [32m62: [/root/game-server/node_modules/pomelo/lib/master/master.js] [39m[wuhan],[wuhan-server-1],[1544091397851],[disconnect]
[2018-12-06 19:01:18.762] [INFO] crash-log - [32m62: [/root/game-server/node_modules/pomelo/lib/master/master.js] [39m[chat],[chat-server-1],[1544094078761],[disconnect]
[2018-12-06 19:01:18.960] [INFO] crash-log - [32m62: [/root/game-server/node_modules/pomelo/lib/master/master.js] [39m[auth],[auth-server-1],[1544094078959],[disconnect]
[2018-12-06 19:01:18.961] [INFO] crash-log - [32m62: [/root/game-server/node_modules/pomelo/lib/master/master.js] [39m[connector],[connector-server-2],[1544094078961],[disconnect]
[2018-12-06 19:01:18.963] [INFO] crash-log - [32m62: [/root/game-server/node_modules/pomelo/lib/master/master.js] [39m[wuhan],[wuhan-server-2],[1544094078963],[disconnect]
[2018-12-06 19:01:18.964] [INFO] crash-log - [32m62: [/root/game-server/node_modules/pomelo/lib/master/master.js] [39m[wuhan],[wuhan-server-1],[1544094078964],[disconnect]
[2018-12-06 19:01:18.966] [INFO] crash-log - [32m62: [/root/game-server/node_modules/pomelo/lib/master/master.js] [39m[connector],[connector-server-1],[1544094078966],[disconnect]
[2018-12-06 19:01:18.972] [INFO] crash-log - [32m62: [/root/game-server/node_modules/pomelo/lib/master/master.js] [39m[http],[http-server-1],[1544094078972],[disconnect]
[2018-12-06 19:15:25.101] [INFO] crash-log - [32m62: [/root/game-server/node_modules/pomelo/lib/master/master.js] [39m[chat],[chat-server-1],[1544094925100],[disconnect]
[2018-12-06 19:15:25.309] [INFO] crash-log - [32m62: [/root/game-server/node_modules/pomelo/lib/master/master.js] [39m[auth],[auth-server-1],[1544094925309],[disconnect]
[2018-12-06 19:15:25.313] [INFO] crash-log - [32m62: [/root/game-server/node_modules/pomelo/lib/master/master.js] [39m[wuhan],[wuhan-server-2],[1544094925312],[disconnect]
[2018-12-06 19:15:25.315] [INFO] crash-log - [32m62: [/root/game-server/node_modules/pomelo/lib/master/master.js] [39m[http],[http-server-1],[1544094925314],[disconnect]
[2018-12-06 19:15:25.317] [INFO] crash-log - [32m62: [/root/game-server/node_modules/pomelo/lib/master/master.js] [39m[connector],[connector-server-1],[1544094925317],[disconnect]
[2018-12-06 19:15:25.318] [INFO] crash-log - [32m62: [/root/game-server/node_modules/pomelo/lib/master/master.js] [39m[wuhan],[wuhan-server-1],[1544094925318],[disconnect]
[2018-12-06 19:15:25.319] [INFO] crash-log - [32m62: [/root/game-server/node_modules/pomelo/lib/master/master.js] [39m[connector],[connector-server-2],[1544094925319],[disconnect]
[2018-12-07 10:22:02.568] [INFO] crash-log - [32m62: [/root/game-server/node_modules/pomelo/lib/master/master.js] [39m[chat],[chat-server-1],[1544149322568],[disconnect]
[2018-12-07 10:22:02.768] [INFO] crash-log - [32m62: [/root/game-server/node_modules/pomelo/lib/master/master.js] [39m[auth],[auth-server-1],[1544149322768],[disconnect]
[2018-12-07 10:22:02.771] [INFO] crash-log - [32m62: [/root/game-server/node_modules/pomelo/lib/master/master.js] [39m[wuhan],[wuhan-server-2],[1544149322771],[disconnect]
[2018-12-07 10:22:02.773] [INFO] crash-log - [32m62: [/root/game-server/node_modules/pomelo/lib/master/master.js] [39m[connector],[connector-server-1],[1544149322773],[disconnect]
[2018-12-07 10:22:02.776] [INFO] crash-log - [32m62: [/root/game-server/node_modules/pomelo/lib/master/master.js] [39m[wuhan],[wuhan-server-1],[1544149322776],[disconnect]
[2018-12-07 10:22:02.780] [INFO] crash-log - [32m62: [/root/game-server/node_modules/pomelo/lib/master/master.js] [39m[http],[http-server-1],[1544149322780],[disconnect]
[2018-12-07 10:22:02.784] [INFO] crash-log - [32m62: [/root/game-server/node_modules/pomelo/lib/master/master.js] [39m[connector],[connector-server-2],[1544149322784],[disconnect]
[2018-12-07 10:33:33.490] [INFO] crash-log - [32m62: [/root/game-server/node_modules/pomelo/lib/master/master.js] [39m[chat],[chat-server-1],[1544150013490],[disconnect]
[2018-12-07 10:33:33.690] [INFO] crash-log - [32m62: [/root/game-server/node_modules/pomelo/lib/master/master.js] [39m[auth],[auth-server-1],[1544150013690],[disconnect]
[2018-12-07 10:33:33.694] [INFO] crash-log - [32m62: [/root/game-server/node_modules/pomelo/lib/master/master.js] [39m[connector],[connector-server-1],[1544150013693],[disconnect]
[2018-12-07 10:33:33.695] [INFO] crash-log - [32m62: [/root/game-server/node_modules/pomelo/lib/master/master.js] [39m[http],[http-server-1],[1544150013695],[disconnect]
[2018-12-07 10:33:33.731] [INFO] crash-log - [32m62: [/root/game-server/node_modules/pomelo/lib/master/master.js] [39m[wuhan],[wuhan-server-1],[1544150013731],[disconnect]
[2018-12-07 10:33:33.733] [INFO] crash-log - [32m62: [/root/game-server/node_modules/pomelo/lib/master/master.js] [39m[connector],[connector-server-2],[1544150013733],[disconnect]
[2018-12-07 10:33:33.736] [INFO] crash-log - [32m62: [/root/game-server/node_modules/pomelo/lib/master/master.js] [39m[wuhan],[wuhan-server-2],[1544150013736],[disconnect]
[2018-12-07 10:39:53.838] [INFO] crash-log - [32m62: [/root/game-server/node_modules/pomelo/lib/master/master.js] [39m[chat],[chat-server-1],[1544150393838],[disconnect]
[2018-12-07 10:39:54.039] [INFO] crash-log - [32m62: [/root/game-server/node_modules/pomelo/lib/master/master.js] [39m[connector],[connector-server-1],[1544150394039],[disconnect]
[2018-12-07 10:39:54.043] [INFO] crash-log - [32m62: [/root/game-server/node_modules/pomelo/lib/master/master.js] [39m[auth],[auth-server-1],[1544150394043],[disconnect]
[2018-12-07 10:39:54.045] [INFO] crash-log - [32m62: [/root/game-server/node_modules/pomelo/lib/master/master.js] [39m[http],[http-server-1],[1544150394045],[disconnect]
[2018-12-07 10:39:54.048] [INFO] crash-log - [32m62: [/root/game-server/node_modules/pomelo/lib/master/master.js] [39m[wuhan],[wuhan-server-1],[1544150394048],[disconnect]
[2018-12-07 10:39:54.050] [INFO] crash-log - [32m62: [/root/game-server/node_modules/pomelo/lib/master/master.js] [39m[connector],[connector-server-2],[1544150394050],[disconnect]
[2018-12-07 10:39:54.058] [INFO] crash-log - [32m62: [/root/game-server/node_modules/pomelo/lib/master/master.js] [39m[wuhan],[wuhan-server-2],[1544150394057],[disconnect]
[2018-12-11 14:21:32.907] [INFO] crash-log - [32m62: [/root/game-server/node_modules/pomelo/lib/master/master.js] [39m[chat],[chat-server-1],[1544509292907],[disconnect]
[2018-12-11 14:21:33.107] [INFO] crash-log - [32m62: [/root/game-server/node_modules/pomelo/lib/master/master.js] [39m[auth],[auth-server-1],[1544509293107],[disconnect]
[2018-12-11 14:21:33.109] [INFO] crash-log - [32m62: [/root/game-server/node_modules/pomelo/lib/master/master.js] [39m[http],[http-server-1],[1544509293109],[disconnect]
[2018-12-11 14:21:33.110] [INFO] crash-log - [32m62: [/root/game-server/node_modules/pomelo/lib/master/master.js] [39m[connector],[connector-server-2],[1544509293110],[disconnect]
[2018-12-11 14:21:33.112] [INFO] crash-log - [32m62: [/root/game-server/node_modules/pomelo/lib/master/master.js] [39m[wuhan],[wuhan-server-1],[1544509293112],[disconnect]
[2018-12-11 14:21:33.114] [INFO] crash-log - [32m62: [/root/game-server/node_modules/pomelo/lib/master/master.js] [39m[connector],[connector-server-1],[1544509293114],[disconnect]
[2018-12-11 14:21:33.127] [INFO] crash-log - [32m62: [/root/game-server/node_modules/pomelo/lib/master/master.js] [39m[wuhan],[wuhan-server-2],[1544509293127],[disconnect]
[2018-12-12 12:38:40.088] [INFO] crash-log - [32m62: [/root/game-server/node_modules/pomelo/lib/master/master.js] [39m[chat],[chat-server-1],[1544589520088],[disconnect]
[2018-12-12 12:38:40.289] [INFO] crash-log - [32m62: [/root/game-server/node_modules/pomelo/lib/master/master.js] [39m[connector],[connector-server-2],[1544589520289],[disconnect]
[2018-12-12 12:38:40.291] [INFO] crash-log - [32m62: [/root/game-server/node_modules/pomelo/lib/master/master.js] [39m[wuhan],[wuhan-server-1],[1544589520291],[disconnect]
[2018-12-12 12:38:40.292] [INFO] crash-log - [32m62: [/root/game-server/node_modules/pomelo/lib/master/master.js] [39m[wuhan],[wuhan-server-2],[1544589520292],[disconnect]
[2018-12-12 12:38:40.294] [INFO] crash-log - [32m62: [/root/game-server/node_modules/pomelo/lib/master/master.js] [39m[auth],[auth-server-1],[1544589520294],[disconnect]
[2018-12-12 12:38:40.295] [INFO] crash-log - [32m62: [/root/game-server/node_modules/pomelo/lib/master/master.js] [39m[connector],[connector-server-1],[1544589520295],[disconnect]
[2018-12-12 12:38:40.297] [INFO] crash-log - [32m62: [/root/game-server/node_modules/pomelo/lib/master/master.js] [39m[http],[http-server-1],[1544589520297],[disconnect]
[2018-12-12 14:05:54.238] [INFO] crash-log - [32m62: [/root/game-server/node_modules/pomelo/lib/master/master.js] [39m[chat],[chat-server-1],[1544594754238],[disconnect]
[2018-12-12 14:05:54.438] [INFO] crash-log - [32m62: [/root/game-server/node_modules/pomelo/lib/master/master.js] [39m[auth],[auth-server-1],[1544594754438],[disconnect]
[2018-12-12 14:05:54.441] [INFO] crash-log - [32m62: [/root/game-server/node_modules/pomelo/lib/master/master.js] [39m[http],[http-server-1],[1544594754441],[disconnect]
[2018-12-12 14:05:54.444] [INFO] crash-log - [32m62: [/root/game-server/node_modules/pomelo/lib/master/master.js] [39m[wuhan],[wuhan-server-1],[1544594754443],[disconnect]
[2018-12-12 14:05:54.445] [INFO] crash-log - [32m62: [/root/game-server/node_modules/pomelo/lib/master/master.js] [39m[connector],[connector-server-1],[1544594754445],[disconnect]
[2018-12-12 14:05:54.446] [INFO] crash-log - [32m62: [/root/game-server/node_modules/pomelo/lib/master/master.js] [39m[wuhan],[wuhan-server-2],[1544594754446],[disconnect]
[2018-12-12 14:05:54.448] [INFO] crash-log - [32m62: [/root/game-server/node_modules/pomelo/lib/master/master.js] [39m[connector],[connector-server-2],[1544594754448],[disconnect]
[2018-12-12 16:49:36.843] [INFO] crash-log - [32m62: [/root/game-server/node_modules/pomelo/lib/master/master.js] [39m[chat],[chat-server-1],[1544604576843],[disconnect]
[2018-12-12 16:49:37.043] [INFO] crash-log - [32m62: [/root/game-server/node_modules/pomelo/lib/master/master.js] [39m[wuhan],[wuhan-server-1],[1544604577043],[disconnect]
[2018-12-12 16:49:37.044] [INFO] crash-log - [32m62: [/root/game-server/node_modules/pomelo/lib/master/master.js] [39m[auth],[auth-server-1],[1544604577044],[disconnect]
[2018-12-12 16:49:37.046] [INFO] crash-log - [32m62: [/root/game-server/node_modules/pomelo/lib/master/master.js] [39m[wuhan],[wuhan-server-2],[1544604577045],[disconnect]
[2018-12-12 16:49:37.047] [INFO] crash-log - [32m62: [/root/game-server/node_modules/pomelo/lib/master/master.js] [39m[http],[http-server-1],[1544604577047],[disconnect]
[2018-12-12 16:49:37.052] [INFO] crash-log - [32m62: [/root/game-server/node_modules/pomelo/lib/master/master.js] [39m[connector],[connector-server-1],[1544604577049],[disconnect]
[2018-12-12 16:49:37.054] [INFO] crash-log - [32m62: [/root/game-server/node_modules/pomelo/lib/master/master.js] [39m[connector],[connector-server-2],[1544604577054],[disconnect]
[2018-12-13 11:03:02.931] [INFO] crash-log - [32m62: [/root/game-server/node_modules/pomelo/lib/master/master.js] [39m[chat],[chat-server-1],[1544670182931],[disconnect]
[2018-12-13 11:03:03.129] [INFO] crash-log - [32m62: [/root/game-server/node_modules/pomelo/lib/master/master.js] [39m[wuhan],[wuhan-server-2],[1544670183129],[disconnect]
[2018-12-13 11:03:03.131] [INFO] crash-log - [32m62: [/root/game-server/node_modules/pomelo/lib/master/master.js] [39m[wuhan],[wuhan-server-1],[1544670183131],[disconnect]
[2018-12-13 11:03:03.132] [INFO] crash-log - [32m62: [/root/game-server/node_modules/pomelo/lib/master/master.js] [39m[connector],[connector-server-2],[1544670183132],[disconnect]
[2018-12-13 11:03:03.133] [INFO] crash-log - [32m62: [/root/game-server/node_modules/pomelo/lib/master/master.js] [39m[connector],[connector-server-1],[1544670183133],[disconnect]
[2018-12-13 11:03:03.134] [INFO] crash-log - [32m62: [/root/game-server/node_modules/pomelo/lib/master/master.js] [39m[auth],[auth-server-1],[1544670183134],[disconnect]
[2018-12-13 11:03:03.136] [INFO] crash-log - [32m62: [/root/game-server/node_modules/pomelo/lib/master/master.js] [39m[http],[http-server-1],[1544670183136],[disconnect]
[2018-12-14 14:15:56.889] [INFO] crash-log - [32m62: [/root/game-server/node_modules/pomelo/lib/master/master.js] [39m[chat],[chat-server-1],[1544768156889],[disconnect]
[2018-12-14 14:15:57.085] [INFO] crash-log - [32m62: [/root/game-server/node_modules/pomelo/lib/master/master.js] [39m[wuhan],[wuhan-server-1],[1544768157085],[disconnect]
[2018-12-14 14:15:57.087] [INFO] crash-log - [32m62: [/root/game-server/node_modules/pomelo/lib/master/master.js] [39m[connector],[connector-server-2],[1544768157087],[disconnect]
[2018-12-14 14:15:57.088] [INFO] crash-log - [32m62: [/root/game-server/node_modules/pomelo/lib/master/master.js] [39m[wuhan],[wuhan-server-2],[1544768157088],[disconnect]
[2018-12-14 14:15:57.090] [INFO] crash-log - [32m62: [/root/game-server/node_modules/pomelo/lib/master/master.js] [39m[auth],[auth-server-1],[1544768157090],[disconnect]
[2018-12-14 14:15:57.091] [INFO] crash-log - [32m62: [/root/game-server/node_modules/pomelo/lib/master/master.js] [39m[connector],[connector-server-1],[1544768157091],[disconnect]
[2018-12-14 14:15:57.092] [INFO] crash-log - [32m62: [/root/game-server/node_modules/pomelo/lib/master/master.js] [39m[http],[http-server-1],[1544768157092],[disconnect]
[2018-12-14 14:25:11.368] [INFO] crash-log - [32m62: [/root/game-server/node_modules/pomelo/lib/master/master.js] [39m[chat],[chat-server-1],[1544768711368],[disconnect]
[2018-12-14 14:25:11.566] [INFO] crash-log - [32m62: [/root/game-server/node_modules/pomelo/lib/master/master.js] [39m[auth],[auth-server-1],[1544768711566],[disconnect]
[2018-12-14 14:25:11.569] [INFO] crash-log - [32m62: [/root/game-server/node_modules/pomelo/lib/master/master.js] [39m[connector],[connector-server-1],[1544768711569],[disconnect]
[2018-12-14 14:25:11.571] [INFO] crash-log - [32m62: [/root/game-server/node_modules/pomelo/lib/master/master.js] [39m[connector],[connector-server-2],[1544768711571],[disconnect]
[2018-12-14 14:25:11.574] [INFO] crash-log - [32m62: [/root/game-server/node_modules/pomelo/lib/master/master.js] [39m[http],[http-server-1],[1544768711574],[disconnect]
[2018-12-14 14:25:11.581] [INFO] crash-log - [32m62: [/root/game-server/node_modules/pomelo/lib/master/master.js] [39m[wuhan],[wuhan-server-1],[1544768711580],[disconnect]
[2018-12-14 14:25:11.584] [INFO] crash-log - [32m62: [/root/game-server/node_modules/pomelo/lib/master/master.js] [39m[wuhan],[wuhan-server-2],[1544768711584],[disconnect]
[2018-12-16 14:01:10.145] [INFO] crash-log - [32m62: [/root/game-server/node_modules/pomelo/lib/master/master.js] [39m[chat],[chat-server-1],[1544940070145],[disconnect]
[2018-12-16 14:01:10.342] [INFO] crash-log - [32m62: [/root/game-server/node_modules/pomelo/lib/master/master.js] [39m[auth],[auth-server-1],[1544940070342],[disconnect]
[2018-12-16 14:01:10.344] [INFO] crash-log - [32m62: [/root/game-server/node_modules/pomelo/lib/master/master.js] [39m[wuhan],[wuhan-server-1],[1544940070344],[disconnect]
[2018-12-16 14:01:10.345] [INFO] crash-log - [32m62: [/root/game-server/node_modules/pomelo/lib/master/master.js] [39m[connector],[connector-server-1],[1544940070345],[disconnect]
[2018-12-16 14:01:10.346] [INFO] crash-log - [32m62: [/root/game-server/node_modules/pomelo/lib/master/master.js] [39m[connector],[connector-server-2],[1544940070346],[disconnect]
[2018-12-16 14:01:10.348] [INFO] crash-log - [32m62: [/root/game-server/node_modules/pomelo/lib/master/master.js] [39m[wuhan],[wuhan-server-2],[1544940070348],[disconnect]
[2018-12-16 14:01:10.349] [INFO] crash-log - [32m62: [/root/game-server/node_modules/pomelo/lib/master/master.js] [39m[http],[http-server-1],[1544940070349],[disconnect]
[2018-12-16 17:41:59.461] [INFO] crash-log - [32m62: [/root/game-server/node_modules/pomelo/lib/master/master.js] [39m[chat],[chat-server-1],[1544953319461],[disconnect]
[2018-12-16 17:41:59.701] [INFO] crash-log - [32m62: [/root/game-server/node_modules/pomelo/lib/master/master.js] [39m[auth],[auth-server-1],[1544953319700],[disconnect]
[2018-12-16 17:41:59.704] [INFO] crash-log - [32m62: [/root/game-server/node_modules/pomelo/lib/master/master.js] [39m[wuhan],[wuhan-server-2],[1544953319704],[disconnect]
[2018-12-16 17:41:59.706] [INFO] crash-log - [32m62: [/root/game-server/node_modules/pomelo/lib/master/master.js] [39m[connector],[connector-server-1],[1544953319706],[disconnect]
[2018-12-16 17:41:59.708] [INFO] crash-log - [32m62: [/root/game-server/node_modules/pomelo/lib/master/master.js] [39m[connector],[connector-server-2],[1544953319707],[disconnect]
[2018-12-16 17:41:59.712] [INFO] crash-log - [32m62: [/root/game-server/node_modules/pomelo/lib/master/master.js] [39m[wuhan],[wuhan-server-1],[1544953319711],[disconnect]
[2018-12-16 17:41:59.714] [INFO] crash-log - [32m62: [/root/game-server/node_modules/pomelo/lib/master/master.js] [39m[http],[http-server-1],[1544953319714],[disconnect]
[2018-12-17 17:41:24.004] [INFO] crash-log - [32m62: [/root/game-server/node_modules/pomelo/lib/master/master.js] [39m[chat],[chat-server-1],[1545039684004],[disconnect]
[2018-12-17 17:41:24.204] [INFO] crash-log - [32m62: [/root/game-server/node_modules/pomelo/lib/master/master.js] [39m[wuhan],[wuhan-server-1],[1545039684204],[disconnect]
[2018-12-17 17:41:24.206] [INFO] crash-log - [32m62: [/root/game-server/node_modules/pomelo/lib/master/master.js] [39m[connector],[connector-server-2],[1545039684206],[disconnect]
[2018-12-17 17:41:24.208] [INFO] crash-log - [32m62: [/root/game-server/node_modules/pomelo/lib/master/master.js] [39m[wuhan],[wuhan-server-2],[1545039684208],[disconnect]
[2018-12-17 17:41:24.209] [INFO] crash-log - [32m62: [/root/game-server/node_modules/pomelo/lib/master/master.js] [39m[connector],[connector-server-1],[1545039684209],[disconnect]
[2018-12-17 17:41:24.215] [INFO] crash-log - [32m62: [/root/game-server/node_modules/pomelo/lib/master/master.js] [39m[auth],[auth-server-1],[1545039684215],[disconnect]
[2018-12-18 15:29:31.498] [INFO] crash-log - [32m\luxuan\server\game-server-online\game-server\node_modules\pomelo\lib\master\master.js: [E:\luxuan\server\game-server-online\game-server\node_modules\pomelo\lib\master\master.js] [39m[wuhan],[wuhan-server-2],[1545118171498],[disconnect]
[2018-12-18 16:28:56.124] [INFO] crash-log - [32m\luxuan\server\game-server-online\game-server\node_modules\pomelo\lib\master\master.js: [E:\luxuan\server\game-server-online\game-server\node_modules\pomelo\lib\master\master.js] [39m[wuhan],[wuhan-server-2],[1545121736123],[disconnect]
[2018-12-18 16:28:56.138] [INFO] crash-log - [32m\luxuan\server\game-server-online\game-server\node_modules\pomelo\lib\master\master.js: [E:\luxuan\server\game-server-online\game-server\node_modules\pomelo\lib\master\master.js] [39m[wuhan],[wuhan-server-1],[1545121736138],[disconnect]
[2018-12-18 16:51:23.388] [INFO] crash-log - [32m\luxuan\server\game-server-online\game-server\node_modules\pomelo\lib\master\master.js: [E:\luxuan\server\game-server-online\game-server\node_modules\pomelo\lib\master\master.js] [39m[wuhan],[wuhan-server-2],[1545123083388],[disconnect]
[2018-12-18 16:51:23.396] [INFO] crash-log - [32m\luxuan\server\game-server-online\game-server\node_modules\pomelo\lib\master\master.js: [E:\luxuan\server\game-server-online\game-server\node_modules\pomelo\lib\master\master.js] [39m[wuhan],[wuhan-server-1],[1545123083396],[disconnect]
[2018-12-18 16:51:23.406] [INFO] crash-log - [32m\luxuan\server\game-server-online\game-server\node_modules\pomelo\lib\master\master.js: [E:\luxuan\server\game-server-online\game-server\node_modules\pomelo\lib\master\master.js] [39m[hall],[hall-server-1],[1545123083406],[disconnect]
[2018-12-18 16:51:23.412] [INFO] crash-log - [32m\luxuan\server\game-server-online\game-server\node_modules\pomelo\lib\master\master.js: [E:\luxuan\server\game-server-online\game-server\node_modules\pomelo\lib\master\master.js] [39m[auth],[auth-server-1],[1545123083412],[disconnect]
[2018-12-18 17:07:09.663] [INFO] crash-log - [32m\luxuan\server\game-server-online\game-server\node_modules\pomelo\lib\master\master.js: [E:\luxuan\server\game-server-online\game-server\node_modules\pomelo\lib\master\master.js] [39m[wuhan],[wuhan-server-2],[1545124029663],[disconnect]
[2018-12-18 17:16:21.728] [INFO] crash-log - [32m\luxuan\server\game-server-online\game-server\node_modules\pomelo\lib\master\master.js: [E:\luxuan\server\game-server-online\game-server\node_modules\pomelo\lib\master\master.js] [39m[connector],[connector-server-2],[1545124581728],[disconnect]
[2018-12-18 17:19:51.682] [INFO] crash-log - [32m\luxuan\server\game-server-online\game-server\node_modules\pomelo\lib\master\master.js: [E:\luxuan\server\game-server-online\game-server\node_modules\pomelo\lib\master\master.js] [39m[wuhan],[wuhan-server-1],[1545124791682],[disconnect]
[2018-12-18 17:42:27.551] [INFO] crash-log - [32m\luxuan\server\game-server-online\game-server\node_modules\pomelo\lib\master\master.js: [E:\luxuan\server\game-server-online\game-server\node_modules\pomelo\lib\master\master.js] [39m[chat],[chat-server-1],[1545126147551],[disconnect]
[2018-12-18 18:09:40.722] [INFO] crash-log - [32m\luxuan\server\game-server-online\game-server\node_modules\pomelo\lib\master\master.js: [E:\luxuan\server\game-server-online\game-server\node_modules\pomelo\lib\master\master.js] [39m[hall],[hall-server-1],[1545127780721],[disconnect]
[2018-12-18 18:09:40.731] [INFO] crash-log - [32m\luxuan\server\game-server-online\game-server\node_modules\pomelo\lib\master\master.js: [E:\luxuan\server\game-server-online\game-server\node_modules\pomelo\lib\master\master.js] [39m[wuhan],[wuhan-server-2],[1545127780731],[disconnect]
[2018-12-18 18:47:31.889] [INFO] crash-log - [32m\luxuan\server\game-server-online\game-server\node_modules\pomelo\lib\master\master.js: [E:\luxuan\server\game-server-online\game-server\node_modules\pomelo\lib\master\master.js] [39m[wuhan],[wuhan-server-1],[1545130051889],[disconnect]
[2018-12-19 10:15:40.883] [INFO] crash-log - [32m\luxuan\server\game-server-online\game-server\node_modules\pomelo\lib\master\master.js: [E:\luxuan\server\game-server-online\game-server\node_modules\pomelo\lib\master\master.js] [39m[hall],[hall-server-1],[1545185740882],[disconnect]
[2018-12-19 10:15:40.912] [INFO] crash-log - [32m\luxuan\server\game-server-online\game-server\node_modules\pomelo\lib\master\master.js: [E:\luxuan\server\game-server-online\game-server\node_modules\pomelo\lib\master\master.js] [39m[wuhan],[wuhan-server-1],[1545185740912],[disconnect]
[2018-12-19 10:15:40.922] [INFO] crash-log - [32m\luxuan\server\game-server-online\game-server\node_modules\pomelo\lib\master\master.js: [E:\luxuan\server\game-server-online\game-server\node_modules\pomelo\lib\master\master.js] [39m[wuhan],[wuhan-server-2],[1545185740922],[disconnect]
[2018-12-19 10:15:40.933] [INFO] crash-log - [32m\luxuan\server\game-server-online\game-server\node_modules\pomelo\lib\master\master.js: [E:\luxuan\server\game-server-online\game-server\node_modules\pomelo\lib\master\master.js] [39m[auth],[auth-server-1],[1545185740933],[disconnect]
[2018-12-19 10:15:40.943] [INFO] crash-log - [32m\luxuan\server\game-server-online\game-server\node_modules\pomelo\lib\master\master.js: [E:\luxuan\server\game-server-online\game-server\node_modules\pomelo\lib\master\master.js] [39m[http],[http-server-1],[1545185740943],[disconnect]
[2018-12-19 10:15:40.952] [INFO] crash-log - [32m\luxuan\server\game-server-online\game-server\node_modules\pomelo\lib\master\master.js: [E:\luxuan\server\game-server-online\game-server\node_modules\pomelo\lib\master\master.js] [39m[connector],[connector-server-2],[1545185740952],[disconnect]
[2018-12-19 10:15:40.962] [INFO] crash-log - [32m\luxuan\server\game-server-online\game-server\node_modules\pomelo\lib\master\master.js: [E:\luxuan\server\game-server-online\game-server\node_modules\pomelo\lib\master\master.js] [39m[chat],[chat-server-1],[1545185740961],[disconnect]
[2018-12-19 10:15:40.971] [INFO] crash-log - [32m\luxuan\server\game-server-online\game-server\node_modules\pomelo\lib\master\master.js: [E:\luxuan\server\game-server-online\game-server\node_modules\pomelo\lib\master\master.js] [39m[connector],[connector-server-1],[1545185740971],[disconnect]
[2018-12-19 13:05:14.660] [INFO] crash-log - [32m\luxuan\server\game-server-online\game-server\node_modules\pomelo\lib\master\master.js: [E:\luxuan\server\game-server-online\game-server\node_modules\pomelo\lib\master\master.js] [39m[wuhan],[wuhan-server-1],[1545195914660],[disconnect]
[2018-12-19 13:05:14.672] [INFO] crash-log - [32m\luxuan\server\game-server-online\game-server\node_modules\pomelo\lib\master\master.js: [E:\luxuan\server\game-server-online\game-server\node_modules\pomelo\lib\master\master.js] [39m[wuhan],[wuhan-server-2],[1545195914672],[disconnect]
[2018-12-19 13:05:14.679] [INFO] crash-log - [32m\luxuan\server\game-server-online\game-server\node_modules\pomelo\lib\master\master.js: [E:\luxuan\server\game-server-online\game-server\node_modules\pomelo\lib\master\master.js] [39m[chat],[chat-server-1],[1545195914679],[disconnect]
[2018-12-19 13:05:14.692] [INFO] crash-log - [32m\luxuan\server\game-server-online\game-server\node_modules\pomelo\lib\master\master.js: [E:\luxuan\server\game-server-online\game-server\node_modules\pomelo\lib\master\master.js] [39m[auth],[auth-server-1],[1545195914691],[disconnect]
[2018-12-19 13:05:14.695] [INFO] crash-log - [32m\luxuan\server\game-server-online\game-server\node_modules\pomelo\lib\master\master.js: [E:\luxuan\server\game-server-online\game-server\node_modules\pomelo\lib\master\master.js] [39m[http],[http-server-1],[1545195914695],[disconnect]
[2018-12-19 13:05:14.699] [INFO] crash-log - [32m\luxuan\server\game-server-online\game-server\node_modules\pomelo\lib\master\master.js: [E:\luxuan\server\game-server-online\game-server\node_modules\pomelo\lib\master\master.js] [39m[hall],[hall-server-1],[1545195914699],[disconnect]
[2018-12-19 16:14:42.194] [INFO] crash-log - [32m\luxuan\server\game-server-online\game-server\node_modules\pomelo\lib\master\master.js: [E:\luxuan\server\game-server-online\game-server\node_modules\pomelo\lib\master\master.js] [39m[wuhan],[wuhan-server-2],[1545207282194],[disconnect]
[2018-12-19 16:14:42.202] [INFO] crash-log - [32m\luxuan\server\game-server-online\game-server\node_modules\pomelo\lib\master\master.js: [E:\luxuan\server\game-server-online\game-server\node_modules\pomelo\lib\master\master.js] [39m[http],[http-server-1],[1545207282202],[disconnect]
[2018-12-19 18:30:43.774] [INFO] crash-log - [32m\luxuan\server\game-server-online\game-server\node_modules\pomelo\lib\master\master.js: [E:\luxuan\server\game-server-online\game-server\node_modules\pomelo\lib\master\master.js] [39m[wuhan],[wuhan-server-2],[1545215443773],[disconnect]
[2018-12-19 18:30:43.791] [INFO] crash-log - [32m\luxuan\server\game-server-online\game-server\node_modules\pomelo\lib\master\master.js: [E:\luxuan\server\game-server-online\game-server\node_modules\pomelo\lib\master\master.js] [39m[chat],[chat-server-1],[1545215443791],[disconnect]
[2018-12-19 18:56:02.302] [INFO] crash-log - [32m\luxuan\server\game-server-online\game-server\node_modules\pomelo\lib\master\master.js: [E:\luxuan\server\game-server-online\game-server\node_modules\pomelo\lib\master\master.js] [39m[chat],[chat-server-1],[1545216962301],[disconnect]
[2018-12-20 16:51:33.650] [INFO] crash-log - [32m\luxuan\server\game-server-git\game-server\node_modules\pomelo\lib\master\master.js: [E:\luxuan\server\game-server-git\game-server\node_modules\pomelo\lib\master\master.js] [39m[wuhan],[wuhan-server-1],[1545295893650],[disconnect]
[2018-12-20 16:51:33.655] [INFO] crash-log - [32m\luxuan\server\game-server-git\game-server\node_modules\pomelo\lib\master\master.js: [E:\luxuan\server\game-server-git\game-server\node_modules\pomelo\lib\master\master.js] [39m[http],[http-server-1],[1545295893655],[disconnect]
[2018-12-20 16:57:17.739] [INFO] crash-log - [32m\luxuan\server\game-server-git\game-server\node_modules\pomelo\lib\master\master.js: [E:\luxuan\server\game-server-git\game-server\node_modules\pomelo\lib\master\master.js] [39m[wuhan],[wuhan-server-2],[1545296237739],[disconnect]
[2018-12-20 17:28:52.479] [INFO] crash-log - [32m\luxuan\server\game-server-git\game-server\node_modules\pomelo\lib\master\master.js: [E:\luxuan\server\game-server-git\game-server\node_modules\pomelo\lib\master\master.js] [39m[wuhan],[wuhan-server-2],[1545298132479],[disconnect]
[2018-12-20 17:28:52.485] [INFO] crash-log - [32m\luxuan\server\game-server-git\game-server\node_modules\pomelo\lib\master\master.js: [E:\luxuan\server\game-server-git\game-server\node_modules\pomelo\lib\master\master.js] [39m[hall],[hall-server-1],[1545298132485],[disconnect]
[2018-12-20 17:28:52.499] [INFO] crash-log - [32m\luxuan\server\game-server-git\game-server\node_modules\pomelo\lib\master\master.js: [E:\luxuan\server\game-server-git\game-server\node_modules\pomelo\lib\master\master.js] [39m[auth],[auth-server-1],[1545298132499],[disconnect]
[2018-12-20 17:28:52.504] [INFO] crash-log - [32m\luxuan\server\game-server-git\game-server\node_modules\pomelo\lib\master\master.js: [E:\luxuan\server\game-server-git\game-server\node_modules\pomelo\lib\master\master.js] [39m[chat],[chat-server-1],[1545298132504],[disconnect]
[2018-12-20 17:28:52.506] [INFO] crash-log - [32m\luxuan\server\game-server-git\game-server\node_modules\pomelo\lib\master\master.js: [E:\luxuan\server\game-server-git\game-server\node_modules\pomelo\lib\master\master.js] [39m[http],[http-server-1],[1545298132506],[disconnect]
[2018-12-20 17:28:52.514] [INFO] crash-log - [32m\luxuan\server\game-server-git\game-server\node_modules\pomelo\lib\master\master.js: [E:\luxuan\server\game-server-git\game-server\node_modules\pomelo\lib\master\master.js] [39m[wuhan],[wuhan-server-1],[1545298132514],[disconnect]
[2018-12-20 17:36:39.811] [INFO] crash-log - [32m\luxuan\server\game-server-git\game-server\node_modules\pomelo\lib\master\master.js: [E:\luxuan\server\game-server-git\game-server\node_modules\pomelo\lib\master\master.js] [39m[auth],[auth-server-1],[1545298599810],[disconnect]
